mode: set
github.com/feykmeelyahoo/ovirt-openshift-extensions/cmd/ovirt-flexvolume-driver/integ-tests_spec.go:75.45,79.4 3 0
github.com/feykmeelyahoo/ovirt-openshift-extensions/cmd/ovirt-flexvolume-driver/kube-client.go:32.63,34.14 2 0
github.com/feykmeelyahoo/ovirt-openshift-extensions/cmd/ovirt-flexvolume-driver/kube-client.go:37.2,37.26 1 0
github.com/feykmeelyahoo/ovirt-openshift-extensions/cmd/ovirt-flexvolume-driver/kube-client.go:42.2,42.63 1 0
github.com/feykmeelyahoo/ovirt-openshift-extensions/cmd/ovirt-flexvolume-driver/kube-client.go:34.14,36.3 1 0
github.com/feykmeelyahoo/ovirt-openshift-extensions/cmd/ovirt-flexvolume-driver/kube-client.go:37.26,38.25 1 0
github.com/feykmeelyahoo/ovirt-openshift-extensions/cmd/ovirt-flexvolume-driver/kube-client.go:38.25,40.4 1 0
github.com/feykmeelyahoo/ovirt-openshift-extensions/cmd/ovirt-flexvolume-driver/kube-client.go:45.40,48.16 2 0
github.com/feykmeelyahoo/ovirt-openshift-extensions/cmd/ovirt-flexvolume-driver/kube-client.go:53.2,54.16 2 0
github.com/feykmeelyahoo/ovirt-openshift-extensions/cmd/ovirt-flexvolume-driver/kube-client.go:59.2,60.16 2 0
github.com/feykmeelyahoo/ovirt-openshift-extensions/cmd/ovirt-flexvolume-driver/kube-client.go:63.2,64.16 2 0
github.com/feykmeelyahoo/ovirt-openshift-extensions/cmd/ovirt-flexvolume-driver/kube-client.go:68.2,68.25 1 0
github.com/feykmeelyahoo/ovirt-openshift-extensions/cmd/ovirt-flexvolume-driver/kube-client.go:48.16,50.3 1 0
github.com/feykmeelyahoo/ovirt-openshift-extensions/cmd/ovirt-flexvolume-driver/kube-client.go:54.16,56.3 1 0
github.com/feykmeelyahoo/ovirt-openshift-extensions/cmd/ovirt-flexvolume-driver/kube-client.go:60.16,62.3 1 0
github.com/feykmeelyahoo/ovirt-openshift-extensions/cmd/ovirt-flexvolume-driver/kube-client.go:64.16,66.3 1 0
github.com/feykmeelyahoo/ovirt-openshift-extensions/cmd/ovirt-flexvolume-driver/kube-client.go:71.41,75.63 4 0
github.com/feykmeelyahoo/ovirt-openshift-extensions/cmd/ovirt-flexvolume-driver/kube-client.go:79.2,79.43 1 0
github.com/feykmeelyahoo/ovirt-openshift-extensions/cmd/ovirt-flexvolume-driver/kube-client.go:85.2,85.35 1 0
github.com/feykmeelyahoo/ovirt-openshift-extensions/cmd/ovirt-flexvolume-driver/kube-client.go:92.2,92.16 1 0
github.com/feykmeelyahoo/ovirt-openshift-extensions/cmd/ovirt-flexvolume-driver/kube-client.go:75.63,77.3 1 0
github.com/feykmeelyahoo/ovirt-openshift-extensions/cmd/ovirt-flexvolume-driver/kube-client.go:79.43,80.48 1 0
github.com/feykmeelyahoo/ovirt-openshift-extensions/cmd/ovirt-flexvolume-driver/kube-client.go:80.48,82.4 1 0
github.com/feykmeelyahoo/ovirt-openshift-extensions/cmd/ovirt-flexvolume-driver/kube-client.go:85.35,87.57 2 0
github.com/feykmeelyahoo/ovirt-openshift-extensions/cmd/ovirt-flexvolume-driver/kube-client.go:87.57,89.4 1 0
github.com/feykmeelyahoo/ovirt-openshift-extensions/cmd/ovirt-flexvolume-driver/kube-client.go:95.23,96.37 1 0
github.com/feykmeelyahoo/ovirt-openshift-extensions/cmd/ovirt-flexvolume-driver/kube-client.go:99.2,99.33 1 0
github.com/feykmeelyahoo/ovirt-openshift-extensions/cmd/ovirt-flexvolume-driver/kube-client.go:96.37,98.3 1 0
github.com/feykmeelyahoo/ovirt-openshift-extensions/cmd/ovirt-flexvolume-driver/ovirt-flexdriver.go:57.13,59.14 2 0
github.com/feykmeelyahoo/ovirt-openshift-extensions/cmd/ovirt-flexvolume-driver/ovirt-flexdriver.go:64.2,65.14 2 0
github.com/feykmeelyahoo/ovirt-openshift-extensions/cmd/ovirt-flexvolume-driver/ovirt-flexdriver.go:70.2,70.26 1 0
github.com/feykmeelyahoo/ovirt-openshift-extensions/cmd/ovirt-flexvolume-driver/ovirt-flexdriver.go:59.14,62.3 2 0
github.com/feykmeelyahoo/ovirt-openshift-extensions/cmd/ovirt-flexvolume-driver/ovirt-flexdriver.go:65.14,68.3 2 0
github.com/feykmeelyahoo/ovirt-openshift-extensions/cmd/ovirt-flexvolume-driver/ovirt-flexdriver.go:73.41,75.20 1 0
github.com/feykmeelyahoo/ovirt-openshift-extensions/cmd/ovirt-flexvolume-driver/ovirt-flexdriver.go:79.2,82.17 3 0
github.com/feykmeelyahoo/ovirt-openshift-extensions/cmd/ovirt-flexvolume-driver/ovirt-flexdriver.go:131.2,132.26 2 0
github.com/feykmeelyahoo/ovirt-openshift-extensions/cmd/ovirt-flexvolume-driver/ovirt-flexdriver.go:135.2,135.23 1 0
github.com/feykmeelyahoo/ovirt-openshift-extensions/cmd/ovirt-flexvolume-driver/ovirt-flexdriver.go:75.20,77.3 1 0
github.com/feykmeelyahoo/ovirt-openshift-extensions/cmd/ovirt-flexvolume-driver/ovirt-flexdriver.go:83.14,84.29 1 0
github.com/feykmeelyahoo/ovirt-openshift-extensions/cmd/ovirt-flexvolume-driver/ovirt-flexdriver.go:85.16,86.20 1 0
github.com/feykmeelyahoo/ovirt-openshift-extensions/cmd/ovirt-flexvolume-driver/ovirt-flexdriver.go:89.3,89.41 1 0
github.com/feykmeelyahoo/ovirt-openshift-extensions/cmd/ovirt-flexvolume-driver/ovirt-flexdriver.go:90.23,91.20 1 0
github.com/feykmeelyahoo/ovirt-openshift-extensions/cmd/ovirt-flexvolume-driver/ovirt-flexdriver.go:94.3,94.48 1 0
github.com/feykmeelyahoo/ovirt-openshift-extensions/cmd/ovirt-flexvolume-driver/ovirt-flexdriver.go:95.20,96.20 1 0
github.com/feykmeelyahoo/ovirt-openshift-extensions/cmd/ovirt-flexvolume-driver/ovirt-flexdriver.go:99.3,99.45 1 0
github.com/feykmeelyahoo/ovirt-openshift-extensions/cmd/ovirt-flexvolume-driver/ovirt-flexdriver.go:100.16,101.20 1 0
github.com/feykmeelyahoo/ovirt-openshift-extensions/cmd/ovirt-flexvolume-driver/ovirt-flexdriver.go:104.3,104.41 1 0
github.com/feykmeelyahoo/ovirt-openshift-extensions/cmd/ovirt-flexvolume-driver/ovirt-flexdriver.go:105.21,106.20 1 0
github.com/feykmeelyahoo/ovirt-openshift-extensions/cmd/ovirt-flexvolume-driver/ovirt-flexdriver.go:109.3,109.55 1 0
github.com/feykmeelyahoo/ovirt-openshift-extensions/cmd/ovirt-flexvolume-driver/ovirt-flexdriver.go:110.19,111.20 1 0
github.com/feykmeelyahoo/ovirt-openshift-extensions/cmd/ovirt-flexvolume-driver/ovirt-flexdriver.go:114.3,114.35 1 0
github.com/feykmeelyahoo/ovirt-openshift-extensions/cmd/ovirt-flexvolume-driver/ovirt-flexdriver.go:115.16,116.20 1 0
github.com/feykmeelyahoo/ovirt-openshift-extensions/cmd/ovirt-flexvolume-driver/ovirt-flexdriver.go:119.3,119.32 1 0
github.com/feykmeelyahoo/ovirt-openshift-extensions/cmd/ovirt-flexvolume-driver/ovirt-flexdriver.go:120.34,121.21 1 0
github.com/feykmeelyahoo/ovirt-openshift-extensions/cmd/ovirt-flexvolume-driver/ovirt-flexdriver.go:124.3,124.39 1 0
github.com/feykmeelyahoo/ovirt-openshift-extensions/cmd/ovirt-flexvolume-driver/ovirt-flexdriver.go:125.32,126.51 1 0
github.com/feykmeelyahoo/ovirt-openshift-extensions/cmd/ovirt-flexvolume-driver/ovirt-flexdriver.go:127.10,128.31 1 0
github.com/feykmeelyahoo/ovirt-openshift-extensions/cmd/ovirt-flexvolume-driver/ovirt-flexdriver.go:86.20,88.4 1 0
github.com/feykmeelyahoo/ovirt-openshift-extensions/cmd/ovirt-flexvolume-driver/ovirt-flexdriver.go:91.20,93.4 1 0
github.com/feykmeelyahoo/ovirt-openshift-extensions/cmd/ovirt-flexvolume-driver/ovirt-flexdriver.go:96.20,98.4 1 0
github.com/feykmeelyahoo/ovirt-openshift-extensions/cmd/ovirt-flexvolume-driver/ovirt-flexdriver.go:101.20,103.4 1 0
github.com/feykmeelyahoo/ovirt-openshift-extensions/cmd/ovirt-flexvolume-driver/ovirt-flexdriver.go:106.20,108.4 1 0
github.com/feykmeelyahoo/ovirt-openshift-extensions/cmd/ovirt-flexvolume-driver/ovirt-flexdriver.go:111.20,113.4 1 0
github.com/feykmeelyahoo/ovirt-openshift-extensions/cmd/ovirt-flexvolume-driver/ovirt-flexdriver.go:116.20,118.4 1 0
github.com/feykmeelyahoo/ovirt-openshift-extensions/cmd/ovirt-flexvolume-driver/ovirt-flexdriver.go:121.21,123.4 1 0
github.com/feykmeelyahoo/ovirt-openshift-extensions/cmd/ovirt-flexvolume-driver/ovirt-flexdriver.go:132.26,134.3 1 0
github.com/feykmeelyahoo/ovirt-openshift-extensions/cmd/ovirt-flexvolume-driver/ovirt-flexdriver.go:138.46,140.16 2 0
github.com/feykmeelyahoo/ovirt-openshift-extensions/cmd/ovirt-flexvolume-driver/ovirt-flexdriver.go:143.2,145.15 3 0
github.com/feykmeelyahoo/ovirt-openshift-extensions/cmd/ovirt-flexvolume-driver/ovirt-flexdriver.go:140.16,142.3 1 0
github.com/feykmeelyahoo/ovirt-openshift-extensions/cmd/ovirt-flexvolume-driver/ovirt-flexdriver.go:148.44,150.11 2 0
github.com/feykmeelyahoo/ovirt-openshift-extensions/cmd/ovirt-flexvolume-driver/ovirt-flexdriver.go:156.2,157.16 2 0
github.com/feykmeelyahoo/ovirt-openshift-extensions/cmd/ovirt-flexvolume-driver/ovirt-flexdriver.go:160.2,161.16 2 0
github.com/feykmeelyahoo/ovirt-openshift-extensions/cmd/ovirt-flexvolume-driver/ovirt-flexdriver.go:166.2,171.16 5 0
github.com/feykmeelyahoo/ovirt-openshift-extensions/cmd/ovirt-flexvolume-driver/ovirt-flexdriver.go:174.2,174.20 1 0
github.com/feykmeelyahoo/ovirt-openshift-extensions/cmd/ovirt-flexvolume-driver/ovirt-flexdriver.go:150.11,152.3 1 0
github.com/feykmeelyahoo/ovirt-openshift-extensions/cmd/ovirt-flexvolume-driver/ovirt-flexdriver.go:152.8,155.3 2 0
github.com/feykmeelyahoo/ovirt-openshift-extensions/cmd/ovirt-flexvolume-driver/ovirt-flexdriver.go:157.16,159.3 1 0
github.com/feykmeelyahoo/ovirt-openshift-extensions/cmd/ovirt-flexvolume-driver/ovirt-flexdriver.go:161.16,163.3 1 0
github.com/feykmeelyahoo/ovirt-openshift-extensions/cmd/ovirt-flexvolume-driver/ovirt-flexdriver.go:171.16,173.3 1 0
github.com/feykmeelyahoo/ovirt-openshift-extensions/cmd/ovirt-flexvolume-driver/ovirt-flexdriver.go:182.74,184.16 2 0
github.com/feykmeelyahoo/ovirt-openshift-extensions/cmd/ovirt-flexvolume-driver/ovirt-flexdriver.go:187.2,188.14 2 0
github.com/feykmeelyahoo/ovirt-openshift-extensions/cmd/ovirt-flexvolume-driver/ovirt-flexdriver.go:192.2,193.16 2 0
github.com/feykmeelyahoo/ovirt-openshift-extensions/cmd/ovirt-flexvolume-driver/ovirt-flexdriver.go:197.2,204.16 2 0
github.com/feykmeelyahoo/ovirt-openshift-extensions/cmd/ovirt-flexvolume-driver/ovirt-flexdriver.go:208.2,208.17 1 0
github.com/feykmeelyahoo/ovirt-openshift-extensions/cmd/ovirt-flexvolume-driver/ovirt-flexdriver.go:213.2,214.16 2 0
github.com/feykmeelyahoo/ovirt-openshift-extensions/cmd/ovirt-flexvolume-driver/ovirt-flexdriver.go:218.2,218.32 1 0
github.com/feykmeelyahoo/ovirt-openshift-extensions/cmd/ovirt-flexvolume-driver/ovirt-flexdriver.go:223.2,224.16 2 0
github.com/feykmeelyahoo/ovirt-openshift-extensions/cmd/ovirt-flexvolume-driver/ovirt-flexdriver.go:236.2,236.77 1 0
github.com/feykmeelyahoo/ovirt-openshift-extensions/cmd/ovirt-flexvolume-driver/ovirt-flexdriver.go:184.16,186.3 1 0
github.com/feykmeelyahoo/ovirt-openshift-extensions/cmd/ovirt-flexvolume-driver/ovirt-flexdriver.go:188.14,190.3 1 0
github.com/feykmeelyahoo/ovirt-openshift-extensions/cmd/ovirt-flexvolume-driver/ovirt-flexdriver.go:193.16,195.3 1 0
github.com/feykmeelyahoo/ovirt-openshift-extensions/cmd/ovirt-flexvolume-driver/ovirt-flexdriver.go:204.16,206.3 1 0
github.com/feykmeelyahoo/ovirt-openshift-extensions/cmd/ovirt-flexvolume-driver/ovirt-flexdriver.go:208.17,211.3 2 0
github.com/feykmeelyahoo/ovirt-openshift-extensions/cmd/ovirt-flexvolume-driver/ovirt-flexdriver.go:214.16,216.3 1 0
github.com/feykmeelyahoo/ovirt-openshift-extensions/cmd/ovirt-flexvolume-driver/ovirt-flexdriver.go:218.32,220.3 1 0
github.com/feykmeelyahoo/ovirt-openshift-extensions/cmd/ovirt-flexvolume-driver/ovirt-flexdriver.go:224.16,226.19 2 0
github.com/feykmeelyahoo/ovirt-openshift-extensions/cmd/ovirt-flexvolume-driver/ovirt-flexdriver.go:226.19,229.18 2 0
github.com/feykmeelyahoo/ovirt-openshift-extensions/cmd/ovirt-flexvolume-driver/ovirt-flexdriver.go:229.18,231.5 1 0
github.com/feykmeelyahoo/ovirt-openshift-extensions/cmd/ovirt-flexvolume-driver/ovirt-flexdriver.go:232.9,234.4 1 0
github.com/feykmeelyahoo/ovirt-openshift-extensions/cmd/ovirt-flexvolume-driver/ovirt-flexdriver.go:241.78,243.16 2 0
github.com/feykmeelyahoo/ovirt-openshift-extensions/cmd/ovirt-flexvolume-driver/ovirt-flexdriver.go:246.2,247.14 2 0
github.com/feykmeelyahoo/ovirt-openshift-extensions/cmd/ovirt-flexvolume-driver/ovirt-flexdriver.go:251.2,252.16 2 0
github.com/feykmeelyahoo/ovirt-openshift-extensions/cmd/ovirt-flexvolume-driver/ovirt-flexdriver.go:256.2,257.16 2 0
github.com/feykmeelyahoo/ovirt-openshift-extensions/cmd/ovirt-flexvolume-driver/ovirt-flexdriver.go:261.2,261.17 1 0
github.com/feykmeelyahoo/ovirt-openshift-extensions/cmd/ovirt-flexvolume-driver/ovirt-flexdriver.go:267.2,268.16 2 0
github.com/feykmeelyahoo/ovirt-openshift-extensions/cmd/ovirt-flexvolume-driver/ovirt-flexdriver.go:273.2,274.16 2 0
github.com/feykmeelyahoo/ovirt-openshift-extensions/cmd/ovirt-flexvolume-driver/ovirt-flexdriver.go:278.2,280.20 3 0
github.com/feykmeelyahoo/ovirt-openshift-extensions/cmd/ovirt-flexvolume-driver/ovirt-flexdriver.go:243.16,245.3 1 0
github.com/feykmeelyahoo/ovirt-openshift-extensions/cmd/ovirt-flexvolume-driver/ovirt-flexdriver.go:247.14,249.3 1 0
github.com/feykmeelyahoo/ovirt-openshift-extensions/cmd/ovirt-flexvolume-driver/ovirt-flexdriver.go:252.16,254.3 1 0
github.com/feykmeelyahoo/ovirt-openshift-extensions/cmd/ovirt-flexvolume-driver/ovirt-flexdriver.go:257.16,259.3 1 0
github.com/feykmeelyahoo/ovirt-openshift-extensions/cmd/ovirt-flexvolume-driver/ovirt-flexdriver.go:261.17,264.3 2 0
github.com/feykmeelyahoo/ovirt-openshift-extensions/cmd/ovirt-flexvolume-driver/ovirt-flexdriver.go:268.16,270.3 1 0
github.com/feykmeelyahoo/ovirt-openshift-extensions/cmd/ovirt-flexvolume-driver/ovirt-flexdriver.go:274.16,276.3 1 0
github.com/feykmeelyahoo/ovirt-openshift-extensions/cmd/ovirt-flexvolume-driver/ovirt-flexdriver.go:286.76,287.20 1 0
github.com/feykmeelyahoo/ovirt-openshift-extensions/cmd/ovirt-flexvolume-driver/ovirt-flexdriver.go:291.2,291.22 1 0
github.com/feykmeelyahoo/ovirt-openshift-extensions/cmd/ovirt-flexvolume-driver/ovirt-flexdriver.go:296.2,297.16 2 0
github.com/feykmeelyahoo/ovirt-openshift-extensions/cmd/ovirt-flexvolume-driver/ovirt-flexdriver.go:301.2,304.16 3 0
github.com/feykmeelyahoo/ovirt-openshift-extensions/cmd/ovirt-flexvolume-driver/ovirt-flexdriver.go:308.2,309.16 2 0
github.com/feykmeelyahoo/ovirt-openshift-extensions/cmd/ovirt-flexvolume-driver/ovirt-flexdriver.go:313.2,314.16 2 0
github.com/feykmeelyahoo/ovirt-openshift-extensions/cmd/ovirt-flexvolume-driver/ovirt-flexdriver.go:318.2,318.32 1 0
github.com/feykmeelyahoo/ovirt-openshift-extensions/cmd/ovirt-flexvolume-driver/ovirt-flexdriver.go:324.2,325.16 2 0
github.com/feykmeelyahoo/ovirt-openshift-extensions/cmd/ovirt-flexvolume-driver/ovirt-flexdriver.go:328.2,328.41 1 0
github.com/feykmeelyahoo/ovirt-openshift-extensions/cmd/ovirt-flexvolume-driver/ovirt-flexdriver.go:287.20,290.3 2 0
github.com/feykmeelyahoo/ovirt-openshift-extensions/cmd/ovirt-flexvolume-driver/ovirt-flexdriver.go:291.22,294.3 2 0
github.com/feykmeelyahoo/ovirt-openshift-extensions/cmd/ovirt-flexvolume-driver/ovirt-flexdriver.go:297.16,299.3 1 0
github.com/feykmeelyahoo/ovirt-openshift-extensions/cmd/ovirt-flexvolume-driver/ovirt-flexdriver.go:304.16,306.3 1 0
github.com/feykmeelyahoo/ovirt-openshift-extensions/cmd/ovirt-flexvolume-driver/ovirt-flexdriver.go:309.16,311.3 1 0
github.com/feykmeelyahoo/ovirt-openshift-extensions/cmd/ovirt-flexvolume-driver/ovirt-flexdriver.go:314.16,316.3 1 0
github.com/feykmeelyahoo/ovirt-openshift-extensions/cmd/ovirt-flexvolume-driver/ovirt-flexdriver.go:318.32,322.3 2 0
github.com/feykmeelyahoo/ovirt-openshift-extensions/cmd/ovirt-flexvolume-driver/ovirt-flexdriver.go:325.16,327.3 1 0
github.com/feykmeelyahoo/ovirt-openshift-extensions/cmd/ovirt-flexvolume-driver/ovirt-flexdriver.go:335.76,337.16 2 0
github.com/feykmeelyahoo/ovirt-openshift-extensions/cmd/ovirt-flexvolume-driver/ovirt-flexdriver.go:342.2,344.14 3 0
github.com/feykmeelyahoo/ovirt-openshift-extensions/cmd/ovirt-flexvolume-driver/ovirt-flexdriver.go:348.2,349.16 2 0
github.com/feykmeelyahoo/ovirt-openshift-extensions/cmd/ovirt-flexvolume-driver/ovirt-flexdriver.go:353.2,354.36 2 0
github.com/feykmeelyahoo/ovirt-openshift-extensions/cmd/ovirt-flexvolume-driver/ovirt-flexdriver.go:359.2,359.25 1 0
github.com/feykmeelyahoo/ovirt-openshift-extensions/cmd/ovirt-flexvolume-driver/ovirt-flexdriver.go:364.2,366.40 3 0
github.com/feykmeelyahoo/ovirt-openshift-extensions/cmd/ovirt-flexvolume-driver/ovirt-flexdriver.go:375.2,375.24 1 0
github.com/feykmeelyahoo/ovirt-openshift-extensions/cmd/ovirt-flexvolume-driver/ovirt-flexdriver.go:379.2,381.16 3 0
github.com/feykmeelyahoo/ovirt-openshift-extensions/cmd/ovirt-flexvolume-driver/ovirt-flexdriver.go:384.2,384.41 1 0
github.com/feykmeelyahoo/ovirt-openshift-extensions/cmd/ovirt-flexvolume-driver/ovirt-flexdriver.go:337.16,339.3 1 0
github.com/feykmeelyahoo/ovirt-openshift-extensions/cmd/ovirt-flexvolume-driver/ovirt-flexdriver.go:344.14,346.3 1 0
github.com/feykmeelyahoo/ovirt-openshift-extensions/cmd/ovirt-flexvolume-driver/ovirt-flexdriver.go:349.16,351.3 1 0
github.com/feykmeelyahoo/ovirt-openshift-extensions/cmd/ovirt-flexvolume-driver/ovirt-flexdriver.go:354.36,355.39 1 0
github.com/feykmeelyahoo/ovirt-openshift-extensions/cmd/ovirt-flexvolume-driver/ovirt-flexdriver.go:355.39,357.4 1 0
github.com/feykmeelyahoo/ovirt-openshift-extensions/cmd/ovirt-flexvolume-driver/ovirt-flexdriver.go:359.25,362.3 2 0
github.com/feykmeelyahoo/ovirt-openshift-extensions/cmd/ovirt-flexvolume-driver/ovirt-flexdriver.go:366.40,369.17 3 0
github.com/feykmeelyahoo/ovirt-openshift-extensions/cmd/ovirt-flexvolume-driver/ovirt-flexdriver.go:372.3,372.12 1 0
github.com/feykmeelyahoo/ovirt-openshift-extensions/cmd/ovirt-flexvolume-driver/ovirt-flexdriver.go:369.17,371.4 1 0
github.com/feykmeelyahoo/ovirt-openshift-extensions/cmd/ovirt-flexvolume-driver/ovirt-flexdriver.go:375.24,378.3 2 0
github.com/feykmeelyahoo/ovirt-openshift-extensions/cmd/ovirt-flexvolume-driver/ovirt-flexdriver.go:381.16,383.3 1 0
github.com/feykmeelyahoo/ovirt-openshift-extensions/cmd/ovirt-flexvolume-driver/ovirt-flexdriver.go:388.77,390.16 2 0
github.com/feykmeelyahoo/ovirt-openshift-extensions/cmd/ovirt-flexvolume-driver/ovirt-flexdriver.go:393.2,393.28 1 0
github.com/feykmeelyahoo/ovirt-openshift-extensions/cmd/ovirt-flexvolume-driver/ovirt-flexdriver.go:390.16,392.3 1 0
github.com/feykmeelyahoo/ovirt-openshift-extensions/cmd/ovirt-flexvolume-driver/ovirt-flexdriver.go:399.48,400.22 1 1
github.com/feykmeelyahoo/ovirt-openshift-extensions/cmd/ovirt-flexvolume-driver/ovirt-flexdriver.go:403.2,403.65 1 1
github.com/feykmeelyahoo/ovirt-openshift-extensions/cmd/ovirt-flexvolume-driver/ovirt-flexdriver.go:404.2,405.35 2 1
github.com/feykmeelyahoo/ovirt-openshift-extensions/cmd/ovirt-flexvolume-driver/ovirt-flexdriver.go:408.2,408.37 1 1
github.com/feykmeelyahoo/ovirt-openshift-extensions/cmd/ovirt-flexvolume-driver/ovirt-flexdriver.go:411.2,411.11 1 1
github.com/feykmeelyahoo/ovirt-openshift-extensions/cmd/ovirt-flexvolume-driver/ovirt-flexdriver.go:400.22,402.3 1 0
github.com/feykmeelyahoo/ovirt-openshift-extensions/cmd/ovirt-flexvolume-driver/ovirt-flexdriver.go:403.65,403.84 1 1
github.com/feykmeelyahoo/ovirt-openshift-extensions/cmd/ovirt-flexvolume-driver/ovirt-flexdriver.go:405.35,407.3 1 1
github.com/feykmeelyahoo/ovirt-openshift-extensions/cmd/ovirt-flexvolume-driver/ovirt-flexdriver.go:408.37,410.3 1 1
github.com/feykmeelyahoo/ovirt-openshift-extensions/cmd/ovirt-flexvolume-driver/ovirt-flexdriver.go:419.89,421.16 2 0
github.com/feykmeelyahoo/ovirt-openshift-extensions/cmd/ovirt-flexvolume-driver/ovirt-flexdriver.go:426.2,427.16 2 0
github.com/feykmeelyahoo/ovirt-openshift-extensions/cmd/ovirt-flexvolume-driver/ovirt-flexdriver.go:432.2,433.16 2 0
github.com/feykmeelyahoo/ovirt-openshift-extensions/cmd/ovirt-flexvolume-driver/ovirt-flexdriver.go:438.2,439.14 2 0
github.com/feykmeelyahoo/ovirt-openshift-extensions/cmd/ovirt-flexvolume-driver/ovirt-flexdriver.go:442.2,442.22 1 0
github.com/feykmeelyahoo/ovirt-openshift-extensions/cmd/ovirt-flexvolume-driver/ovirt-flexdriver.go:450.2,453.33 4 0
github.com/feykmeelyahoo/ovirt-openshift-extensions/cmd/ovirt-flexvolume-driver/ovirt-flexdriver.go:456.2,458.20 3 0
github.com/feykmeelyahoo/ovirt-openshift-extensions/cmd/ovirt-flexvolume-driver/ovirt-flexdriver.go:421.16,423.3 1 0
github.com/feykmeelyahoo/ovirt-openshift-extensions/cmd/ovirt-flexvolume-driver/ovirt-flexdriver.go:427.16,429.3 1 0
github.com/feykmeelyahoo/ovirt-openshift-extensions/cmd/ovirt-flexvolume-driver/ovirt-flexdriver.go:433.16,435.3 1 0
github.com/feykmeelyahoo/ovirt-openshift-extensions/cmd/ovirt-flexvolume-driver/ovirt-flexdriver.go:439.14,441.3 1 0
github.com/feykmeelyahoo/ovirt-openshift-extensions/cmd/ovirt-flexvolume-driver/ovirt-flexdriver.go:442.22,445.23 2 0
github.com/feykmeelyahoo/ovirt-openshift-extensions/cmd/ovirt-flexvolume-driver/ovirt-flexdriver.go:445.23,447.4 1 0
github.com/feykmeelyahoo/ovirt-openshift-extensions/cmd/ovirt-flexvolume-driver/ovirt-flexdriver.go:453.33,455.3 1 0
github.com/feykmeelyahoo/ovirt-openshift-extensions/cmd/ovirt-flexvolume-driver/ovirt-flexdriver.go:461.49,465.38 2 0
github.com/feykmeelyahoo/ovirt-openshift-extensions/cmd/ovirt-flexvolume-driver/ovirt-flexdriver.go:468.2,471.33 4 0
github.com/feykmeelyahoo/ovirt-openshift-extensions/cmd/ovirt-flexvolume-driver/ovirt-flexdriver.go:474.2,474.12 1 0
github.com/feykmeelyahoo/ovirt-openshift-extensions/cmd/ovirt-flexvolume-driver/ovirt-flexdriver.go:465.38,467.3 1 0
github.com/feykmeelyahoo/ovirt-openshift-extensions/cmd/ovirt-flexvolume-driver/ovirt-flexdriver.go:471.33,473.3 1 0
github.com/feykmeelyahoo/ovirt-openshift-extensions/cmd/ovirt-flexvolume-driver/ovirt-flexdriver.go:478.64,479.29 1 0
github.com/feykmeelyahoo/ovirt-openshift-extensions/cmd/ovirt-flexvolume-driver/ovirt-flexdriver.go:484.2,488.16 5 0
github.com/feykmeelyahoo/ovirt-openshift-extensions/cmd/ovirt-flexvolume-driver/ovirt-flexdriver.go:491.2,491.41 1 0
github.com/feykmeelyahoo/ovirt-openshift-extensions/cmd/ovirt-flexvolume-driver/ovirt-flexdriver.go:479.29,482.3 1 0
github.com/feykmeelyahoo/ovirt-openshift-extensions/cmd/ovirt-flexvolume-driver/ovirt-flexdriver.go:488.16,490.3 1 0
github.com/feykmeelyahoo/ovirt-openshift-extensions/cmd/ovirt-flexvolume-driver/ovirt-flexdriver.go:495.41,500.16 5 0
github.com/feykmeelyahoo/ovirt-openshift-extensions/cmd/ovirt-flexvolume-driver/ovirt-flexdriver.go:503.2,503.13 1 0
github.com/feykmeelyahoo/ovirt-openshift-extensions/cmd/ovirt-flexvolume-driver/ovirt-flexdriver.go:500.16,502.3 1 0
github.com/feykmeelyahoo/ovirt-openshift-extensions/cmd/ovirt-flexvolume-driver/ovirt-flexdriver.go:506.88,509.23 3 0
github.com/feykmeelyahoo/ovirt-openshift-extensions/cmd/ovirt-flexvolume-driver/ovirt-flexdriver.go:517.2,517.10 1 0
github.com/feykmeelyahoo/ovirt-openshift-extensions/cmd/ovirt-flexvolume-driver/ovirt-flexdriver.go:510.16,511.53 1 0
github.com/feykmeelyahoo/ovirt-openshift-extensions/cmd/ovirt-flexvolume-driver/ovirt-flexdriver.go:512.21,513.71 1 0
github.com/feykmeelyahoo/ovirt-openshift-extensions/cmd/ovirt-flexvolume-driver/ovirt-flexdriver.go:514.10,515.84 1 0
github.com/feykmeelyahoo/ovirt-openshift-extensions/cmd/ovirt-flexvolume-driver/ovirt-flexdriver.go:520.64,522.16 2 0
github.com/feykmeelyahoo/ovirt-openshift-extensions/cmd/ovirt-flexvolume-driver/ovirt-flexdriver.go:525.2,526.14 2 0
github.com/feykmeelyahoo/ovirt-openshift-extensions/cmd/ovirt-flexvolume-driver/ovirt-flexdriver.go:530.2,531.16 2 0
github.com/feykmeelyahoo/ovirt-openshift-extensions/cmd/ovirt-flexvolume-driver/ovirt-flexdriver.go:535.2,535.17 1 0
github.com/feykmeelyahoo/ovirt-openshift-extensions/cmd/ovirt-flexvolume-driver/ovirt-flexdriver.go:539.2,540.16 2 0
github.com/feykmeelyahoo/ovirt-openshift-extensions/cmd/ovirt-flexvolume-driver/ovirt-flexdriver.go:544.2,544.32 1 0
github.com/feykmeelyahoo/ovirt-openshift-extensions/cmd/ovirt-flexvolume-driver/ovirt-flexdriver.go:552.2,553.16 2 0
github.com/feykmeelyahoo/ovirt-openshift-extensions/cmd/ovirt-flexvolume-driver/ovirt-flexdriver.go:557.2,557.77 1 0
github.com/feykmeelyahoo/ovirt-openshift-extensions/cmd/ovirt-flexvolume-driver/ovirt-flexdriver.go:522.16,524.3 1 0
github.com/feykmeelyahoo/ovirt-openshift-extensions/cmd/ovirt-flexvolume-driver/ovirt-flexdriver.go:526.14,528.3 1 0
github.com/feykmeelyahoo/ovirt-openshift-extensions/cmd/ovirt-flexvolume-driver/ovirt-flexdriver.go:531.16,533.3 1 0
github.com/feykmeelyahoo/ovirt-openshift-extensions/cmd/ovirt-flexvolume-driver/ovirt-flexdriver.go:535.17,538.3 2 0
github.com/feykmeelyahoo/ovirt-openshift-extensions/cmd/ovirt-flexvolume-driver/ovirt-flexdriver.go:540.16,542.3 1 0
github.com/feykmeelyahoo/ovirt-openshift-extensions/cmd/ovirt-flexvolume-driver/ovirt-flexdriver.go:544.32,549.3 1 0
github.com/feykmeelyahoo/ovirt-openshift-extensions/cmd/ovirt-flexvolume-driver/ovirt-flexdriver.go:553.16,556.3 2 0
github.com/feykmeelyahoo/ovirt-openshift-extensions/cmd/ovirt-flexvolume-driver/ovirt-flexdriver.go:560.50,562.2 1 0
github.com/feykmeelyahoo/ovirt-openshift-extensions/cmd/ovirt-flexvolume-driver/ovirt-flexdriver.go:563.53,565.2 1 0
github.com/feykmeelyahoo/ovirt-openshift-extensions/cmd/ovirt-flexvolume-driver/ovirt-flexdriver.go:568.42,570.2 1 0
github.com/feykmeelyahoo/ovirt-openshift-extensions/cmd/ovirt-flexvolume-driver/ovirt-flexdriver.go:574.51,578.33 4 0
github.com/feykmeelyahoo/ovirt-openshift-extensions/cmd/ovirt-flexvolume-driver/ovirt-flexdriver.go:582.2,584.16 3 0
github.com/feykmeelyahoo/ovirt-openshift-extensions/cmd/ovirt-flexvolume-driver/ovirt-flexdriver.go:587.2,587.26 1 0
github.com/feykmeelyahoo/ovirt-openshift-extensions/cmd/ovirt-flexvolume-driver/ovirt-flexdriver.go:578.33,580.3 1 0
github.com/feykmeelyahoo/ovirt-openshift-extensions/cmd/ovirt-flexvolume-driver/ovirt-flexdriver.go:584.16,586.3 1 0
